{"level":30,"time":1682353175846,"pid":40756,"hostname":"emu-pc","msg":"[{\"transaction_key\":\"7c070546\",\"date\":\"Monday, April 24, 2023  9:19AM MST\",\"required_test\":1,\"text\":\"You are required to test today\"}]"}
{"level":30,"time":1682353175847,"pid":40756,"hostname":"emu-pc","msg":"[{\"transaction_key\":\"7c070546\",\"date\":\"Monday, April 24, 2023  9:19AM MST\",\"required_test\":1,\"text\":\"You are required to test today\"}]"}
{"level":30,"time":1682353176017,"pid":40756,"hostname":"emu-pc","msg":""}
{"level":30,"time":1682353176478,"pid":40756,"hostname":"emu-pc","msg":"Event created: undefined"}
{"level":30,"time":1682353528436,"pid":3944,"hostname":"emu-pc","msg":"[{\"text\":\"You are required to test today\",\"date\":\"Monday, April 24, 2023  9:25AM MST\",\"required_test\":1,\"transaction_key\":\"e1a70da5\"}]"}
{"level":30,"time":1682353528436,"pid":3944,"hostname":"emu-pc","msg":"[{\"text\":\"You are required to test today\",\"date\":\"Monday, April 24, 2023  9:25AM MST\",\"required_test\":1,\"transaction_key\":\"e1a70da5\"}]"}
{"level":30,"time":1682353528549,"pid":3944,"hostname":"emu-pc","msg":""}
{"level":30,"time":1682353528963,"pid":3944,"hostname":"emu-pc","msg":"Event already exists today:"}
{"level":30,"time":1682353585206,"pid":32140,"hostname":"emu-pc","msg":"[{\"date\":\"Monday, April 24, 2023  9:26AM MST\",\"required_test\":1,\"text\":\"You are required to test today\",\"transaction_key\":\"bfb9b7e1\"}]"}
{"level":30,"time":1682353585206,"pid":32140,"hostname":"emu-pc","msg":"[{\"date\":\"Monday, April 24, 2023  9:26AM MST\",\"required_test\":1,\"text\":\"You are required to test today\",\"transaction_key\":\"bfb9b7e1\"}]"}
{"level":30,"time":1682353585304,"pid":32140,"hostname":"emu-pc","msg":""}
{"level":30,"time":1682353585664,"pid":32140,"hostname":"emu-pc","msg":"Event already exists today:"}
{"level":30,"time":1682353595908,"pid":52964,"hostname":"emu-pc","msg":"[{\"transaction_key\":\"56dcc817\",\"date\":\"Monday, April 24, 2023  9:26AM MST\",\"required_test\":1,\"text\":\"You are required to test today\"}]"}
{"level":30,"time":1682353595908,"pid":52964,"hostname":"emu-pc","msg":"[{\"transaction_key\":\"56dcc817\",\"date\":\"Monday, April 24, 2023  9:26AM MST\",\"required_test\":1,\"text\":\"You are required to test today\"}]"}
{"level":30,"time":1682353595996,"pid":52964,"hostname":"emu-pc","msg":""}
{"level":30,"time":1682353596728,"pid":52964,"hostname":"emu-pc","msg":"Event created: undefined"}
{"level":30,"time":1682353771132,"pid":46652,"hostname":"emu-pc","msg":"[{\"required_test\":1,\"date\":\"Monday, April 24, 2023  9:29AM MST\",\"text\":\"You are required to test today\",\"transaction_key\":\"8cb010ec\"}]"}
{"level":30,"time":1682353771132,"pid":46652,"hostname":"emu-pc","msg":"[{\"required_test\":1,\"date\":\"Monday, April 24, 2023  9:29AM MST\",\"text\":\"You are required to test today\",\"transaction_key\":\"8cb010ec\"}]"}
{"level":30,"time":1682353771307,"pid":46652,"hostname":"emu-pc","msg":""}
{"level":30,"time":1682353771656,"pid":46652,"hostname":"emu-pc","msg":"Event already exists today:"}
{"level":30,"time":1682353777518,"pid":2744,"hostname":"emu-pc","msg":"[{\"text\":\"You are required to test today\",\"date\":\"Monday, April 24, 2023  9:29AM MST\",\"required_test\":1,\"transaction_key\":\"85f79f09\"}]"}
{"level":30,"time":1682353777518,"pid":2744,"hostname":"emu-pc","msg":"[{\"text\":\"You are required to test today\",\"date\":\"Monday, April 24, 2023  9:29AM MST\",\"required_test\":1,\"transaction_key\":\"85f79f09\"}]"}
{"level":30,"time":1682353777601,"pid":2744,"hostname":"emu-pc","msg":""}
{"level":30,"time":1682353778273,"pid":2744,"hostname":"emu-pc","msg":"Event created: undefined"}
{"level":30,"time":1682353778397,"pid":2744,"hostname":"emu-pc","msg":"Event created: undefined"}
{"level":30,"time":1682353862145,"pid":18200,"hostname":"emu-pc","msg":"[{\"transaction_key\":\"ab832d1c\",\"date\":\"Monday, April 24, 2023  9:31AM MST\",\"required_test\":1,\"text\":\"You are required to test today\"}]"}
{"level":30,"time":1682353862146,"pid":18200,"hostname":"emu-pc","msg":"[{\"transaction_key\":\"ab832d1c\",\"date\":\"Monday, April 24, 2023  9:31AM MST\",\"required_test\":1,\"text\":\"You are required to test today\"}]"}
{"level":30,"time":1682353862231,"pid":18200,"hostname":"emu-pc","msg":""}
{"level":30,"time":1682353862657,"pid":18200,"hostname":"emu-pc","msg":"Event already exists today:"}
{"level":30,"time":1682353887573,"pid":50416,"hostname":"emu-pc","msg":"body: \"[{\\\"transaction_key\\\":\\\"08c6d1b6\\\",\\\"date\\\":\\\"Monday, April 24, 2023  9:31AM MST\\\",\\\"required_test\\\":1,\\\"text\\\":\\\"You are required to test today\\\"}]\""}
{"level":30,"time":1682353887574,"pid":50416,"hostname":"emu-pc","msg":"[{\"transaction_key\":\"08c6d1b6\",\"date\":\"Monday, April 24, 2023  9:31AM MST\",\"required_test\":1,\"text\":\"You are required to test today\"}]"}
{"level":30,"time":1682353887668,"pid":50416,"hostname":"emu-pc","msg":""}
{"level":30,"time":1682353888109,"pid":50416,"hostname":"emu-pc","msg":"Event already exists today:"}
{"level":30,"time":1682354327923,"pid":55520,"hostname":"emu-pc","msg":"[{\"transaction_key\":\"fbb4d1dd\",\"required_test\":1,\"date\":\"Monday, April 24, 2023  9:38AM MST\",\"text\":\"You are required to test today\"}]"}
{"level":30,"time":1682354328099,"pid":55520,"hostname":"emu-pc","msg":""}
{"level":30,"time":1682354328501,"pid":55520,"hostname":"emu-pc","msg":"Event already exists today:"}
{"level":30,"time":1682354368965,"pid":56216,"hostname":"emu-pc","msg":"[{\"transaction_key\":\"2b8ee369\",\"text\":\"You are required to test today\",\"date\":\"Monday, April 24, 2023  9:39AM MST\",\"required_test\":1}]"}
{"level":30,"time":1682354369476,"pid":56216,"hostname":"emu-pc","msg":"Event already exists today:"}
